

Version:	3.50
CmdLine:	C:\Users\Jeremy Malana\Downloads\AppartmentManagementSystem\apartmentManagementSys\apartmentManagementSys\dist\ams.exe --l4j-debug
JNI:		No
WOW64:		Yes
Working dir:	C:\Users\Jeremy Malana\Downloads\AppartmentManagementSystem\apartmentManagementSys\apartmentManagementSys\dist\.
Requires JDK:	No
Requires 64-Bit: No
Java min ver:	1.004.000
Java max ver:	
Substitute:	JAVA_HOME = 
Substitute:	PATH = C:\Program Files\Common Files\Oracle\Java\javapath;C:\Windows\system32;C:\Windows;C:\Windows\System32\Wbem;C:\Windows\System32\WindowsPowerShell\v1.0\;C:\Windows\System32\OpenSSH\;C:\Program Files\dotnet\;C:\xampp\php;c:\Users\Jeremy Malana\AppData\Local\Programs\cursor\resources\app\bin;c:\Users\Jeremy Malana\AppData\Local\Programs\cursor\resources\app\bin;C:\Program Files\Git\cmd;C:\Users\Jeremy Malana\AppData\Local\Microsoft\WindowsApps;C:\Users\Jeremy Malana\AppData\Local\Programs\Microsoft VS Code\bin;C:\Users\Jeremy Malana\AppData\Local\GitHubDesktop\bin;C:\Users\Jeremy Malana\AppData\Local\Programs\cursor\resources\app\bin;D:\Program\Windsurf\bin;C:\Program Files\Java\jdk-23\bin
JRE paths:	;C:\Program Files\Common Files\Oracle\Java\javapath;C:\Windows\system32;C:\Windows;C:\Windows\System32\Wbem;C:\Windows\System32\WindowsPowerShell\v1.0\;C:\Windows\System32\OpenSSH\;C:\Program Files\dotnet\;C:\xampp\php;c:\Users\Jeremy Malana\AppData\Local\Programs\cursor\resources\app\bin;c:\Users\Jeremy Malana\AppData\Local\Programs\cursor\resources\app\bin;C:\Program Files\Git\cmd;C:\Users\Jeremy Malana\AppData\Local\Microsoft\WindowsApps;C:\Users\Jeremy Malana\AppData\Local\Programs\Microsoft VS Code\bin;C:\Users\Jeremy Malana\AppData\Local\GitHubDesktop\bin;C:\Users\Jeremy Malana\AppData\Local\Programs\cursor\resources\app\bin;D:\Program\Windsurf\bin;C:\Program Files\Java\jdk-23\bin
Check launcher:	C:\Program Files\Common Files\Oracle\Java\javapath\bin\javaw.exe (not found)
Check launcher:	C:\Windows\system32\bin\javaw.exe (not found)
Check launcher:	C:\Windows\bin\javaw.exe (not found)
Check launcher:	C:\Windows\System32\Wbem\bin\javaw.exe (not found)
Check launcher:	C:\Windows\System32\WindowsPowerShell\v1.0\bin\javaw.exe (not found)
Check launcher:	C:\Windows\System32\OpenSSH\bin\javaw.exe (not found)
Check launcher:	C:\Program Files\dotnet\bin\javaw.exe (not found)
Check launcher:	C:\xampp\php\bin\javaw.exe (not found)
Check launcher:	c:\Users\Jeremy Malana\AppData\Local\Programs\cursor\resources\app\bin\javaw.exe (not found)
Check launcher:	c:\Users\Jeremy Malana\AppData\Local\Programs\cursor\resources\app\bin\javaw.exe (not found)
Check launcher:	C:\Program Files\Git\cmd\bin\javaw.exe (not found)
Check launcher:	C:\Users\Jeremy Malana\AppData\Local\Microsoft\WindowsApps\bin\javaw.exe (not found)
Check launcher:	C:\Users\Jeremy Malana\AppData\Local\Programs\Microsoft VS Code\bin\javaw.exe (not found)
Check launcher:	C:\Users\Jeremy Malana\AppData\Local\GitHubDesktop\bin\javaw.exe (not found)
Check launcher:	C:\Users\Jeremy Malana\AppData\Local\Programs\cursor\resources\app\bin\javaw.exe (not found)
Check launcher:	D:\Program\Windsurf\bin\javaw.exe (not found)
Check launcher:	C:\Program Files\Java\jdk-23\bin\javaw.exe (OK)
Version string: 1.023.000_002 / 64-Bit (OK)
Launcher:	C:\Program Files\Java\jdk-23\bin\javaw.exe
Launcher args:	-jar "C:\Users\Jeremy Malana\Downloads\AppartmentManagementSystem\apartmentManagementSys\apartmentManagementSys\dist\ams.exe"
Args length:	125/32768 chars
Exit code:	0
